<?xml version="1.0" encoding="UTF-8"?>
<!-- Generated by org.testng.reporters.JUnitReportReporter -->
<testsuite hostname="LAPTOP-LM205E0I" failures="0" tests="1" name="EWAYBILL.LogOut" time="1.116" errors="0" timestamp="15 Apr 2019 13:23:24 GMT" skipped="0">
  <testcase classname="EWAYBILL.LogOut" name="ClickOnLogout" time="1.116"/>
</testsuite> <!-- EWAYBILL.LogOut -->
