<?xml version="1.0" encoding="UTF-8"?>
<!-- Generated by org.testng.reporters.JUnitReportReporter -->
<testsuite hostname="LAPTOP-LM205E0I" failures="0" tests="1" name="EWAYBILL.Login" time="33.157" errors="0" timestamp="13 Apr 2019 18:26:17 GMT" skipped="0">
  <testcase classname="EWAYBILL.Login" name="login" time="33.157"/>
</testsuite> <!-- EWAYBILL.Login -->
