<?xml version="1.0" encoding="UTF-8"?>
<!-- Generated by org.testng.reporters.JUnitReportReporter -->
<testsuite hostname="LAPTOP-LM205E0I" failures="0" tests="1" name="EWAYBILL.DataUpload" time="10.023" errors="0" timestamp="15 Apr 2019 12:14:24 GMT" skipped="0">
  <testcase classname="EWAYBILL.DataUpload" name="FileUpload" time="10.023"/>
</testsuite> <!-- EWAYBILL.DataUpload -->
